Expression	Value	Location	Type	
exe_time	<array>	0x20003C0C	uint16_t[130]	
[0]	0	0x20003C0C	uint16_t	
[1]	0	0x20003C0E	uint16_t	
[2]	8	0x20003C10	uint16_t	
[3]	7	0x20003C12	uint16_t	
[4]	7	0x20003C14	uint16_t	
[5]	7	0x20003C16	uint16_t	
[6]	6	0x20003C18	uint16_t	
[7]	6	0x20003C1A	uint16_t	
[8]	5	0x20003C1C	uint16_t	
[9]	5	0x20003C1E	uint16_t	
[10]	5	0x20003C20	uint16_t	
[11]	4	0x20003C22	uint16_t	
[12]	4	0x20003C24	uint16_t	
[13]	3	0x20003C26	uint16_t	
[14]	3	0x20003C28	uint16_t	
[15]	2	0x20003C2A	uint16_t	
[16]	2	0x20003C2C	uint16_t	
[17]	1	0x20003C2E	uint16_t	
[18]	1	0x20003C30	uint16_t	
[19]	0	0x20003C32	uint16_t	
[20]	35	0x20003C34	uint16_t	
[21]	35	0x20003C36	uint16_t	
[22]	35	0x20003C38	uint16_t	
[23]	34	0x20003C3A	uint16_t	
[24]	34	0x20003C3C	uint16_t	
[25]	34	0x20003C3E	uint16_t	
[26]	34	0x20003C40	uint16_t	
[27]	34	0x20003C42	uint16_t	
[28]	34	0x20003C44	uint16_t	
[29]	33	0x20003C46	uint16_t	
[30]	33	0x20003C48	uint16_t	
[31]	33	0x20003C4A	uint16_t	
[32]	33	0x20003C4C	uint16_t	
[33]	32	0x20003C4E	uint16_t	
[34]	32	0x20003C50	uint16_t	
[35]	32	0x20003C52	uint16_t	
[36]	31	0x20003C54	uint16_t	
[37]	27	0x20003C56	uint16_t	
[38]	13	0x20003C58	uint16_t	
[39]	12	0x20003C5A	uint16_t	
[40]	11	0x20003C5C	uint16_t	
[41]	10	0x20003C5E	uint16_t	
[42]	9	0x20003C60	uint16_t	
[43]	8	0x20003C62	uint16_t	
[44]	7	0x20003C64	uint16_t	
[45]	6	0x20003C66	uint16_t	
[46]	5	0x20003C68	uint16_t	
[47]	4	0x20003C6A	uint16_t	
[48]	3	0x20003C6C	uint16_t	
[49]	2	0x20003C6E	uint16_t	
[50]	1	0x20003C70	uint16_t	
[51]	79	0x20003C72	uint16_t	
[52]	79	0x20003C74	uint16_t	
[53]	80	0x20003C76	uint16_t	
[54]	80	0x20003C78	uint16_t	
[55]	80	0x20003C7A	uint16_t	
[56]	80	0x20003C7C	uint16_t	
[57]	80	0x20003C7E	uint16_t	
[58]	80	0x20003C80	uint16_t	
[59]	80	0x20003C82	uint16_t	
[60]	79	0x20003C84	uint16_t	
[61]	80	0x20003C86	uint16_t	
[62]	80	0x20003C88	uint16_t	
[63]	79	0x20003C8A	uint16_t	
[64]	79	0x20003C8C	uint16_t	
[65]	79	0x20003C8E	uint16_t	
[66]	79	0x20003C90	uint16_t	
[67]	79	0x20003C92	uint16_t	
[68]	78	0x20003C94	uint16_t	
[69]	78	0x20003C96	uint16_t	
[70]	78	0x20003C98	uint16_t	
[71]	77	0x20003C9A	uint16_t	
[72]	77	0x20003C9C	uint16_t	
[73]	77	0x20003C9E	uint16_t	
[74]	77	0x20003CA0	uint16_t	
[75]	76	0x20003CA2	uint16_t	
[76]	76	0x20003CA4	uint16_t	
[77]	75	0x20003CA6	uint16_t	
[78]	74	0x20003CA8	uint16_t	
[79]	74	0x20003CAA	uint16_t	
[80]	73	0x20003CAC	uint16_t	
[81]	73	0x20003CAE	uint16_t	
[82]	72	0x20003CB0	uint16_t	
[83]	72	0x20003CB2	uint16_t	
[84]	71	0x20003CB4	uint16_t	
[85]	71	0x20003CB6	uint16_t	
[86]	69	0x20003CB8	uint16_t	
[87]	69	0x20003CBA	uint16_t	
[88]	67	0x20003CBC	uint16_t	
[89]	67	0x20003CBE	uint16_t	
[90]	66	0x20003CC0	uint16_t	
[91]	65	0x20003CC2	uint16_t	
[92]	64	0x20003CC4	uint16_t	
[93]	62	0x20003CC6	uint16_t	
[94]	61	0x20003CC8	uint16_t	
[95]	59	0x20003CCA	uint16_t	
[96]	58	0x20003CCC	uint16_t	
[97]	57	0x20003CCE	uint16_t	
[98]	55	0x20003CD0	uint16_t	
[99]	54	0x20003CD2	uint16_t	
[100]	51	0x20003CD4	uint16_t	
[101]	49	0x20003CD6	uint16_t	
[102]	48	0x20003CD8	uint16_t	
[103]	45	0x20003CDA	uint16_t	
[104]	43	0x20003CDC	uint16_t	
[105]	40	0x20003CDE	uint16_t	
[106]	38	0x20003CE0	uint16_t	
[107]	35	0x20003CE2	uint16_t	
[108]	32	0x20003CE4	uint16_t	
[109]	29	0x20003CE6	uint16_t	
[110]	26	0x20003CE8	uint16_t	
[111]	23	0x20003CEA	uint16_t	
[112]	18	0x20003CEC	uint16_t	
[113]	15	0x20003CEE	uint16_t	
[114]	10	0x20003CF0	uint16_t	
[115]	7	0x20003CF2	uint16_t	
[116]	325	0x20003CF4	uint16_t	
[117]	0	0x20003CF6	uint16_t	
[118]	0	0x20003CF8	uint16_t	
[119]	0	0x20003CFA	uint16_t	
[120]	0	0x20003CFC	uint16_t	
[121]	0	0x20003CFE	uint16_t	
[122]	0	0x20003D00	uint16_t	
[123]	0	0x20003D02	uint16_t	
[124]	0	0x20003D04	uint16_t	
[125]	0	0x20003D06	uint16_t	
[126]	0	0x20003D08	uint16_t	
[127]	0	0x20003D0A	uint16_t	
[128]	0	0x20003D0C	uint16_t	
[129]	0	0x20003D0E	uint16_t	
f	<array>".......................................................~}|{z..."	0x20003D9C	uint8_t[130]	
[0]	216	0x20003D9C	uint8_t	
[1]	215	0x20003D9D	uint8_t	
[2]	214	0x20003D9E	uint8_t	
[3]	213	0x20003D9F	uint8_t	
[4]	212	0x20003DA0	uint8_t	
[5]	211	0x20003DA1	uint8_t	
[6]	210	0x20003DA2	uint8_t	
[7]	209	0x20003DA3	uint8_t	
[8]	208	0x20003DA4	uint8_t	
[9]	207	0x20003DA5	uint8_t	
[10]	206	0x20003DA6	uint8_t	
[11]	205	0x20003DA7	uint8_t	
[12]	204	0x20003DA8	uint8_t	
[13]	203	0x20003DA9	uint8_t	
[14]	202	0x20003DAA	uint8_t	
[15]	201	0x20003DAB	uint8_t	
[16]	200	0x20003DAC	uint8_t	
[17]	199	0x20003DAD	uint8_t	
[18]	198	0x20003DAE	uint8_t	
[19]	197	0x20003DAF	uint8_t	
[20]	196	0x20003DB0	uint8_t	
[21]	195	0x20003DB1	uint8_t	
[22]	194	0x20003DB2	uint8_t	
[23]	193	0x20003DB3	uint8_t	
[24]	192	0x20003DB4	uint8_t	
[25]	191	0x20003DB5	uint8_t	
[26]	190	0x20003DB6	uint8_t	
[27]	189	0x20003DB7	uint8_t	
[28]	188	0x20003DB8	uint8_t	
[29]	187	0x20003DB9	uint8_t	
[30]	186	0x20003DBA	uint8_t	
[31]	185	0x20003DBB	uint8_t	
[32]	184	0x20003DBC	uint8_t	
[33]	183	0x20003DBD	uint8_t	
[34]	182	0x20003DBE	uint8_t	
[35]	181	0x20003DBF	uint8_t	
[36]	168	0x20003DC0	uint8_t	
[37]	144	0x20003DC1	uint8_t	
[38]	143	0x20003DC2	uint8_t	
[39]	142	0x20003DC3	uint8_t	
[40]	141	0x20003DC4	uint8_t	
[41]	140	0x20003DC5	uint8_t	
[42]	139	0x20003DC6	uint8_t	
[43]	138	0x20003DC7	uint8_t	
[44]	137	0x20003DC8	uint8_t	
[45]	136	0x20003DC9	uint8_t	
[46]	135	0x20003DCA	uint8_t	
[47]	134	0x20003DCB	uint8_t	
[48]	133	0x20003DCC	uint8_t	
[49]	132	0x20003DCD	uint8_t	
[50]	131	0x20003DCE	uint8_t	
[51]	130	0x20003DCF	uint8_t	
[52]	129	0x20003DD0	uint8_t	
[53]	128	0x20003DD1	uint8_t	
[54]	127	0x20003DD2	uint8_t	
[55]	126	0x20003DD3	uint8_t	
[56]	125	0x20003DD4	uint8_t	
[57]	124	0x20003DD5	uint8_t	
[58]	123	0x20003DD6	uint8_t	
[59]	122	0x20003DD7	uint8_t	
[60]	121	0x20003DD8	uint8_t	
[61]	120	0x20003DD9	uint8_t	
[62]	119	0x20003DDA	uint8_t	
[63]	118	0x20003DDB	uint8_t	
[64]	117	0x20003DDC	uint8_t	
[65]	116	0x20003DDD	uint8_t	
[66]	115	0x20003DDE	uint8_t	
[67]	114	0x20003DDF	uint8_t	
[68]	113	0x20003DE0	uint8_t	
[69]	112	0x20003DE1	uint8_t	
[70]	111	0x20003DE2	uint8_t	
[71]	110	0x20003DE3	uint8_t	
[72]	109	0x20003DE4	uint8_t	
[73]	108	0x20003DE5	uint8_t	
[74]	107	0x20003DE6	uint8_t	
[75]	106	0x20003DE7	uint8_t	
[76]	105	0x20003DE8	uint8_t	
[77]	104	0x20003DE9	uint8_t	
[78]	103	0x20003DEA	uint8_t	
[79]	102	0x20003DEB	uint8_t	
[80]	101	0x20003DEC	uint8_t	
[81]	100	0x20003DED	uint8_t	
[82]	99	0x20003DEE	uint8_t	
[83]	98	0x20003DEF	uint8_t	
[84]	97	0x20003DF0	uint8_t	
[85]	96	0x20003DF1	uint8_t	
[86]	95	0x20003DF2	uint8_t	
[87]	94	0x20003DF3	uint8_t	
[88]	93	0x20003DF4	uint8_t	
[89]	92	0x20003DF5	uint8_t	
[90]	91	0x20003DF6	uint8_t	
[91]	90	0x20003DF7	uint8_t	
[92]	89	0x20003DF8	uint8_t	
[93]	88	0x20003DF9	uint8_t	
[94]	87	0x20003DFA	uint8_t	
[95]	86	0x20003DFB	uint8_t	
[96]	85	0x20003DFC	uint8_t	
[97]	84	0x20003DFD	uint8_t	
[98]	83	0x20003DFE	uint8_t	
[99]	82	0x20003DFF	uint8_t	
[100]	81	0x20003E00	uint8_t	
[101]	80	0x20003E01	uint8_t	
[102]	79	0x20003E02	uint8_t	
[103]	78	0x20003E03	uint8_t	
[104]	77	0x20003E04	uint8_t	
[105]	76	0x20003E05	uint8_t	
[106]	75	0x20003E06	uint8_t	
[107]	74	0x20003E07	uint8_t	
[108]	73	0x20003E08	uint8_t	
[109]	72	0x20003E09	uint8_t	
[110]	71	0x20003E0A	uint8_t	
[111]	70	0x20003E0B	uint8_t	
[112]	69	0x20003E0C	uint8_t	
[113]	68	0x20003E0D	uint8_t	
[114]	67	0x20003E0E	uint8_t	
[115]	66	0x20003E0F	uint8_t	
[116]	65	0x20003E10	uint8_t	
[117]	0	0x20003E11	uint8_t	
[118]	0	0x20003E12	uint8_t	
[119]	0	0x20003E13	uint8_t	
[120]	0	0x20003E14	uint8_t	
[121]	0	0x20003E15	uint8_t	
[122]	0	0x20003E16	uint8_t	
[123]	0	0x20003E17	uint8_t	
[124]	0	0x20003E18	uint8_t	
[125]	0	0x20003E19	uint8_t	
[126]	0	0x20003E1A	uint8_t	
[127]	0	0x20003E1B	uint8_t	
[128]	0	0x20003E1C	uint8_t	
[129]	0	0x20003E1D	uint8_t	
