Expression	Value	Location	Type	
elapse_time	2.2527778122E-5	0x20003F28	float	
clock_rate	217	0x20003F79	uint8_t	
service_exe_time	<array>	0x20003C0C	float[121]	
[0]	4.99666675E-5	0x20003C0C	float	
[1]	5.0573769844E-5	0x20003C10	float	
[2]	4.94999985E-5	0x20003C14	float	
[3]	4.93650804E-5	0x20003C18	float	
[4]	4.85312484E-5	0x20003C1C	float	
[5]	4.20923061E-5	0x20003C20	float	
[6]	5.2818180844E-5	0x20003C24	float	
[7]	3.6298508344E-5	0x20003C28	float	
[8]	5.12647056E-5	0x20003C2C	float	
[9]	5.0666665622E-5	0x20003C30	float	
[10]	3.8942856911E-5	0x20003C34	float	
[11]	4.9239435611E-5	0x20003C38	float	
[12]	4.84166666E-5	0x20003C3C	float	
[13]	4.7890411222E-5	0x20003C40	float	
[14]	4.7108107533E-5	0x20003C44	float	
[15]	3.2426665711E-5	0x20003C48	float	
[16]	4.63684227E-5	0x20003C4C	float	
[17]	4.5818182111E-5	0x20003C50	float	
[18]	4.5205128111E-5	0x20003C54	float	
[19]	4.4658227122E-5	0x20003C58	float	
[20]	3.4575001333E-5	0x20003C5C	float	
[21]	4.3555555744E-5	0x20003C60	float	
[22]	4.25365869E-5	0x20003C64	float	
[23]	4.2120482244E-5	0x20003C68	float	
[24]	4.14999995E-5	0x20003C6C	float	
[25]	3.26352928E-5	0x20003C70	float	
[26]	4.0558141333E-5	0x20003C74	float	
[27]	4.0183909733E-5	0x20003C78	float	
[28]	3.9613634722E-5	0x20003C7C	float	
[29]	3.97078656E-5	0x20003C80	float	
[30]	3.07333321E-5	0x20003C84	float	
[31]	4.0120878111E-5	0x20003C88	float	
[32]	4.0847826311E-5	0x20003C8C	float	
[33]	3.91290304E-5	0x20003C90	float	
[34]	3.89255328E-5	0x20003C94	float	
[35]	3.03894739E-5	0x20003C98	float	
[36]	3.23333333E-5	0x20003C9C	float	
[37]	3.31340197E-5	0x20003CA0	float	
[38]	3.17448975E-5	0x20003CA4	float	
[39]	3.1232324544E-5	0x20003CA8	float	
[40]	2.44999992E-5	0x20003CAC	float	
[41]	3.08316848E-5	0x20003CB0	float	
[42]	3.03921569E-5	0x20003CB4	float	
[43]	3.0456310922E-5	0x20003CB8	float	
[44]	3.0663461E-5	0x20003CBC	float	
[45]	2.44380953E-5	0x20003CC0	float	
[46]	2.90849057E-5	0x20003CC4	float	
[47]	2.89626168E-5	0x20003CC8	float	
[48]	2.87592593E-5	0x20003CCC	float	
[49]	2.3211008733E-5	0x20003CD0	float	
[50]	2.30818186E-5	0x20003CD4	float	
[51]	2.30720725E-5	0x20003CD8	float	
[52]	2.24642863E-5	0x20003CDC	float	
[53]	2.21681421E-5	0x20003CE0	float	
[54]	2.18684217E-5	0x20003CE4	float	
[55]	2.1982608811E-5	0x20003CE8	float	
[56]	2.1655172533E-5	0x20003CEC	float	
[57]	2.71709395E-5	0x20003CF0	float	
[58]	2.69576266E-5	0x20003CF4	float	
[59]	2.65210092E-5	0x20003CF8	float	
[60]	2.11416663E-5	0x20003CFC	float	
[61]	2.69834708E-5	0x20003D00	float	
[62]	2.77377057E-5	0x20003D04	float	
[63]	2.67317082E-5	0x20003D08	float	
[64]	2.8048387322E-5	0x20003D0C	float	
[65]	2.0800000122E-5	0x20003D10	float	
[66]	2.71984136E-5	0x20003D14	float	
[67]	2.5881889E-5	0x20003D18	float	
[68]	2.67890627E-5	0x20003D1C	float	
[69]	2.5480620022E-5	0x20003D20	float	
[70]	2.14230767E-5	0x20003D24	float	
[71]	2.82519085E-5	0x20003D28	float	
[72]	2.8750000633E-5	0x20003D2C	float	
[73]	2.7827067244E-5	0x20003D30	float	
[74]	2.04253738E-5	0x20003D34	float	
[75]	2.19851845E-5	0x20003D38	float	
[76]	2.79044125E-5	0x20003D3C	float	
[77]	2.70437958E-5	0x20003D40	float	
[78]	2.7500000211E-5	0x20003D44	float	
[79]	2.6654675822E-5	0x20003D48	float	
[80]	2.1850000844E-5	0x20003D4C	float	
[81]	2.6276595233E-5	0x20003D50	float	
[82]	2.67253526E-5	0x20003D54	float	
[83]	2.59090902E-5	0x20003D58	float	
[84]	2.6354166033E-5	0x20003D5C	float	
[85]	2.4148808733E-5	0x20003D60	float	
[86]	2.15333329E-5	0x20003D64	float	
[87]	2.50552493E-5	0x20003D68	float	
[88]	2.5752748111E-5	0x20003D6C	float	
[89]	2.5311475833E-5	0x20003D70	float	
[90]	2.57608699E-5	0x20003D74	float	
[91]	2.0800000122E-5	0x20003D78	float	
[92]	2.5182795E-5	0x20003D7C	float	
[93]	2.4770053644E-5	0x20003D80	float	
[94]	2.52127665E-5	0x20003D84	float	
[95]	2.45079372E-5	0x20003D88	float	
[96]	2.05263149E-5	0x20003D8C	float	
[97]	2.42513087E-5	0x20003D90	float	
[98]	2.43958329E-5	0x20003D94	float	
[99]	2.4000000844E-5	0x20003D98	float	
[100]	2.41443303E-5	0x20003D9C	float	
[101]	1.9733333822E-5	0x20003DA0	float	
[102]	2.38979591E-5	0x20003DA4	float	
[103]	2.3512689944E-5	0x20003DA8	float	
[104]	2.36565665E-5	0x20003DAC	float	
[105]	2.2994974644E-5	0x20003DB0	float	
[106]	1.89399998E-5	0x20003DB4	float	
[107]	1.8587064911E-5	0x20003DB8	float	
[108]	2.31881185E-5	0x20003DBC	float	
[109]	1.84039418E-5	0x20003DC0	float	
[110]	2.2960784911E-5	0x20003DC4	float	
[111]	1.82243893E-5	0x20003DC8	float	
[112]	2.2737864122E-5	0x20003DCC	float	
[113]	1.80483093E-5	0x20003DD0	float	
[114]	2.25192307E-5	0x20003DD4	float	
[115]	2.1894737E-5	0x20003DD8	float	
[116]	1.8838094544E-5	0x20003DDC	float	
[117]	2.2488151444E-5	0x20003DE0	float	
[118]	2.2948113833E-5	0x20003DE4	float	
[119]	2.27840373E-5	0x20003DE8	float	
[120]	2.2733644E-5	0x20003DEC	float	
